[2025-07-13T11:42:21.113+0000] {local_task_job_runner.py:123} INFO - ::group::Pre task execution logs
[2025-07-13T11:42:21.161+0000] {taskinstance.py:2614} INFO - Dependencies all met for dep_context=non-requeueable deps ti=<TaskInstance: fraud_detection_training.cleanup_resources scheduled__2025-07-12T03:00:00+00:00 [queued]>
[2025-07-13T11:42:21.185+0000] {taskinstance.py:2614} INFO - Dependencies all met for dep_context=requeueable deps ti=<TaskInstance: fraud_detection_training.cleanup_resources scheduled__2025-07-12T03:00:00+00:00 [queued]>
[2025-07-13T11:42:21.186+0000] {taskinstance.py:2867} INFO - Starting attempt 1 of 1
[2025-07-13T11:42:21.216+0000] {taskinstance.py:2890} INFO - Executing <Task(BashOperator): cleanup_resources> on 2025-07-12 03:00:00+00:00
[2025-07-13T11:42:21.226+0000] {warnings.py:112} WARNING - /home/***/.local/lib/python3.12/site-packages/***/task/task_runner/standard_task_runner.py:70: DeprecationWarning: This process (pid=801) is multi-threaded, use of fork() may lead to deadlocks in the child.
  pid = os.fork()

[2025-07-13T11:42:21.228+0000] {standard_task_runner.py:72} INFO - Started process 802 to run task
[2025-07-13T11:42:21.230+0000] {standard_task_runner.py:104} INFO - Running: ['***', 'tasks', 'run', 'fraud_detection_training', 'cleanup_resources', 'scheduled__2025-07-12T03:00:00+00:00', '--job-id', '14', '--raw', '--subdir', 'DAGS_FOLDER/fraud_detection_training_dag.py', '--cfg-path', '/tmp/tmptduhuk6e']
[2025-07-13T11:42:21.232+0000] {standard_task_runner.py:105} INFO - Job 14: Subtask cleanup_resources
[2025-07-13T11:42:21.310+0000] {task_command.py:467} INFO - Running <TaskInstance: fraud_detection_training.cleanup_resources scheduled__2025-07-12T03:00:00+00:00 [running]> on host 93c736137477
[2025-07-13T11:42:21.444+0000] {taskinstance.py:3134} INFO - Exporting env vars: AIRFLOW_CTX_DAG_OWNER='datamasterylab.com' AIRFLOW_CTX_DAG_ID='fraud_detection_training' AIRFLOW_CTX_TASK_ID='cleanup_resources' AIRFLOW_CTX_EXECUTION_DATE='2025-07-12T03:00:00+00:00' AIRFLOW_CTX_TRY_NUMBER='1' AIRFLOW_CTX_DAG_RUN_ID='scheduled__2025-07-12T03:00:00+00:00'
[2025-07-13T11:42:21.447+0000] {taskinstance.py:732} INFO - ::endgroup::
[2025-07-13T11:42:21.475+0000] {subprocess.py:78} INFO - Tmp dir root location: /tmp
[2025-07-13T11:42:21.476+0000] {subprocess.py:88} INFO - Running command: ['/usr/bin/bash', '-c', 'rm -f /app/tmp/*.pkl']
[2025-07-13T11:42:21.497+0000] {subprocess.py:99} INFO - Output:
[2025-07-13T11:42:21.503+0000] {subprocess.py:110} INFO - Command exited with return code 0
[2025-07-13T11:42:21.544+0000] {taskinstance.py:341} INFO - ::group::Post task execution logs
[2025-07-13T11:42:21.544+0000] {taskinstance.py:353} INFO - Marking task as SUCCESS. dag_id=fraud_detection_training, task_id=cleanup_resources, run_id=scheduled__2025-07-12T03:00:00+00:00, execution_date=20250712T030000, start_date=20250713T114221, end_date=20250713T114221
[2025-07-13T11:42:21.606+0000] {local_task_job_runner.py:266} INFO - Task exited with return code 0
[2025-07-13T11:42:21.621+0000] {local_task_job_runner.py:245} INFO - ::endgroup::
